<?xml version="1.0" encoding="UTF-8"?>
<Site BuildName="Win32-MSBuild"
	BuildStamp="20231022-0104-Experimental"
	Name="DESKTOP-DH6O8Q4"
	Generator="ctest-3.26.4-msvc4"
	CompilerName="C:/Program Files (x86)/Microsoft Visual Studio/2022/BuildTools/VC/Tools/MSVC/14.37.32822/bin/Hostx64/x86/cl.exe"
	CompilerVersion="19.37.32824.0"
	OSName="Windows"
	Hostname="DESKTOP-DH6O8Q4"
	OSRelease=" Personal"
	OSVersion=" (Build 22621)"
	OSPlatform="x86"
	Is64Bits="1"
	VendorString="AuthenticAMD"
	VendorID="Advanced Micro Devices"
	FamilyID="15"
	ModelID="0"
	ProcessorCacheSize="64"
	NumberOfLogicalCPU="16"
	NumberOfPhysicalCPU="8"
	TotalVirtualMemory="16769"
	TotalPhysicalMemory="15745"
	LogicalProcessorsPerPhysical="2"
	ProcessorClockFrequency="3792"
	>
	<Testing>
		<StartDateTime>Oct 21 21:22 Pacific Daylight Time</StartDateTime>
		<StartTestTime>1697948547</StartTestTime>
		<TestList/>
		<EndDateTime>Oct 21 21:22 Pacific Daylight Time</EndDateTime>
		<EndTestTime>1697948547</EndTestTime>
		<ElapsedMinutes>0</ElapsedMinutes>
	</Testing>
</Site>
